<?xml version="1.0" encoding="UTF-8"?>
<!-- Generated by org.testng.reporters.JUnitReportReporter -->
<testsuite hostname="BDC6-L-FCY7FL3" failures="0" tests="2" name="ui.LoginTest" time="0.005" errors="0" timestamp="2022-04-08T23:24:04 IST" skipped="0">
  <testcase classname="ui.LoginTest" name="bloginTest" time="0.004"/>
  <system-out/>
  <testcase classname="ui.LoginTest" name="alogout" time="0.001"/>
  <system-out/>
</testsuite> <!-- ui.LoginTest -->
