<?xml version="1.0" encoding="UTF-8"?>
<!-- Generated by org.testng.reporters.JUnitReportReporter -->
<testsuite hostname="BDC6-L-FCY7FL3" failures="0" tests="1" name="ui.verifytitaltest" time="6.850" errors="0" timestamp="2022-04-09T00:01:27 IST" skipped="0">
  <testcase classname="ui.verifytitaltest" name="TitleTest" time="6.850"/>
  <system-out/>
</testsuite> <!-- ui.verifytitaltest -->
